-------------------------------------------------------------------------------
Test set: com.city.service.CityServiceTest
-------------------------------------------------------------------------------
Tests run: 4, Failures: 0, Errors: 4, Skipped: 0, Time elapsed: 3.983 s <<< FAILURE! - in com.city.service.CityServiceTest
testAddCountry  Time elapsed: 0.001 s  <<< ERROR!
java.lang.IllegalStateException: Failed to load ApplicationContext
Caused by: org.springframework.beans.factory.BeanCreationException: Error creating bean with name 'loggingAdvice': Lookup method resolution failed; nested exception is java.lang.IllegalStateException: Failed to introspect Class [com.city.aspect.LoggingAdvice] from ClassLoader [jdk.internal.loader.ClassLoaders$AppClassLoader@6bc168e5]
Caused by: java.lang.IllegalStateException: Failed to introspect Class [com.city.aspect.LoggingAdvice] from ClassLoader [jdk.internal.loader.ClassLoaders$AppClassLoader@6bc168e5]
Caused by: java.lang.NoClassDefFoundError: org/aspectj/lang/ProceedingJoinPoint
Caused by: java.lang.ClassNotFoundException: org.aspectj.lang.ProceedingJoinPoint

testUpdateCity  Time elapsed: 0.004 s  <<< ERROR!
java.lang.IllegalStateException: Failed to load ApplicationContext
Caused by: org.springframework.beans.factory.BeanCreationException: Error creating bean with name 'loggingAdvice': Lookup method resolution failed; nested exception is java.lang.IllegalStateException: Failed to introspect Class [com.city.aspect.LoggingAdvice] from ClassLoader [jdk.internal.loader.ClassLoaders$AppClassLoader@6bc168e5]
Caused by: java.lang.IllegalStateException: Failed to introspect Class [com.city.aspect.LoggingAdvice] from ClassLoader [jdk.internal.loader.ClassLoaders$AppClassLoader@6bc168e5]
Caused by: java.lang.NoClassDefFoundError: org/aspectj/lang/ProceedingJoinPoint
Caused by: java.lang.ClassNotFoundException: org.aspectj.lang.ProceedingJoinPoint

testGetAllCountries  Time elapsed: 0 s  <<< ERROR!
java.lang.IllegalStateException: Failed to load ApplicationContext
Caused by: org.springframework.beans.factory.BeanCreationException: Error creating bean with name 'loggingAdvice': Lookup method resolution failed; nested exception is java.lang.IllegalStateException: Failed to introspect Class [com.city.aspect.LoggingAdvice] from ClassLoader [jdk.internal.loader.ClassLoaders$AppClassLoader@6bc168e5]
Caused by: java.lang.IllegalStateException: Failed to introspect Class [com.city.aspect.LoggingAdvice] from ClassLoader [jdk.internal.loader.ClassLoaders$AppClassLoader@6bc168e5]
Caused by: java.lang.NoClassDefFoundError: org/aspectj/lang/ProceedingJoinPoint
Caused by: java.lang.ClassNotFoundException: org.aspectj.lang.ProceedingJoinPoint

testDeleteCityByCityCode  Time elapsed: 0 s  <<< ERROR!
java.lang.IllegalStateException: Failed to load ApplicationContext
Caused by: org.springframework.beans.factory.BeanCreationException: Error creating bean with name 'loggingAdvice': Lookup method resolution failed; nested exception is java.lang.IllegalStateException: Failed to introspect Class [com.city.aspect.LoggingAdvice] from ClassLoader [jdk.internal.loader.ClassLoaders$AppClassLoader@6bc168e5]
Caused by: java.lang.IllegalStateException: Failed to introspect Class [com.city.aspect.LoggingAdvice] from ClassLoader [jdk.internal.loader.ClassLoaders$AppClassLoader@6bc168e5]
Caused by: java.lang.NoClassDefFoundError: org/aspectj/lang/ProceedingJoinPoint
Caused by: java.lang.ClassNotFoundException: org.aspectj.lang.ProceedingJoinPoint

