-------------------------------------------------------------------------------
Test set: com.site.service.SiteServiceTest
-------------------------------------------------------------------------------
Tests run: 1, Failures: 1, Errors: 0, Skipped: 0, Time elapsed: 0.001 s <<< FAILURE! - in com.site.service.SiteServiceTest
test  Time elapsed: 0 s  <<< FAILURE!
org.opentest4j.AssertionFailedError: Not yet implemented
	at com.site.service.SiteServiceTest.test(SiteServiceTest.java:11)

